2022-01-14 20:03:11.570 [info] <0.44.0> Application logger started on node nonode@nohost
2022-01-14 20:03:11.573 [info] <0.44.0> Application gen_stage started on node nonode@nohost
2022-01-14 20:03:11.573 [info] <0.44.0> Application nimble_options started on node nonode@nohost
2022-01-14 20:03:11.574 [info] <0.44.0> Application telemetry started on node nonode@nohost
2022-01-14 20:03:11.574 [info] <0.44.0> Application broadway started on node nonode@nohost
2022-01-14 20:03:11.574 [info] <0.44.0> Application xmerl started on node nonode@nohost
2022-01-14 20:03:11.585 [info] <0.44.0> Application sasl started on node nonode@nohost
2022-01-14 20:03:11.585 [info] <0.44.0> Application tools started on node nonode@nohost
2022-01-14 20:03:11.585 [info] <0.44.0> Application jsx started on node nonode@nohost
2022-01-14 20:03:11.585 [info] <0.44.0> Application recon started on node nonode@nohost
2022-01-14 20:03:11.634 [info] <0.44.0> Application credentials_obfuscation started on node nonode@nohost
2022-01-14 20:03:11.634 [info] <0.44.0> Application rabbit_common started on node nonode@nohost
2022-01-14 20:03:11.646 [info] <0.44.0> Application amqp_client started on node nonode@nohost
2022-01-14 20:03:11.647 [info] <0.44.0> Application amqp started on node nonode@nohost
2022-01-14 20:03:11.647 [info] <0.44.0> Application broadway_rabbitmq started on node nonode@nohost
2022-01-14 20:03:11.697 [info] <0.44.0> Application tickets started on node nonode@nohost
2022-01-14 21:02:11.314 [error] <0.390.0> gen_server <0.390.0> terminated with reason: {socket_error,timeout}
2022-01-14 21:02:11.314 [error] <0.383.0> gen_server <0.383.0> terminated with reason: {socket_error,timeout}
2022-01-14 21:02:11.315 [error] <0.390.0> CRASH REPORT Process <0.390.0> with 0 neighbours exited with reason: {socket_error,timeout} in gen_server:handle_common_reply/8 line 811
2022-01-14 21:02:11.315 [error] <0.382.0> Supervisor {<0.382.0>,amqp_connection_type_sup} had child main_reader started with amqp_main_reader:start_link(#Port<0.8>, <0.383.0>, <0.388.0>, {method,rabbit_framing_amqp_0_9_1}, <<"client 127.0.0.1:56586 -> 127.0.0.1:5672">>) at <0.390.0> exit with reason {socket_error,timeout} in context child_terminated
2022-01-14 21:02:11.315 [error] <0.382.0> Supervisor {<0.382.0>,amqp_connection_type_sup} had child main_reader started with amqp_main_reader:start_link(#Port<0.8>, <0.383.0>, <0.388.0>, {method,rabbit_framing_amqp_0_9_1}, <<"client 127.0.0.1:56586 -> 127.0.0.1:5672">>) at <0.390.0> exit with reason reached_max_restart_intensity in context shutdown
2022-01-14 21:02:11.315 [error] <0.383.0> CRASH REPORT Process <0.383.0> with 0 neighbours exited with reason: {socket_error,timeout} in gen_server:handle_common_reply/8 line 811
2022-01-14 21:02:11.315 [error] <0.381.0> Supervisor {<0.381.0>,amqp_connection_sup} had child connection started with amqp_gen_connection:start_link(<0.382.0>, {amqp_params_network,<<"guest">>,{plaintext,<<"guest">>},<<"/">>,"localhost",5672,0,0,10,50000,none,...}) at <0.383.0> exit with reason {socket_error,timeout} in context child_terminated
2022-01-14 21:02:11.315 [error] <0.381.0> Supervisor {<0.381.0>,amqp_connection_sup} had child connection started with amqp_gen_connection:start_link(<0.382.0>, {amqp_params_network,<<"guest">>,{plaintext,<<"guest">>},<<"/">>,"localhost",5672,0,0,10,50000,none,...}) at <0.383.0> exit with reason reached_max_restart_intensity in context shutdown
